<?xml version="1.0" encoding="utf-8"?><testsuites name="pytest tests"><testsuite name="pytest" errors="0" failures="0" skipped="0" tests="63" time="5.211" timestamp="2026-09-05T10:15:39.363351+07:00" hostname="XuanHien"><testcase classname="tests.integration.test_adapters" name="test_embeddings_are_batched_and_ordered" time="0.001" /><testcase classname="tests.integration.test_adapters" name="test_dimension_mismatch_fails_before_query" time="0.001" /><testcase classname="tests.integration.test_adapters" name="test_bounded_retry[429-3]" time="0.002" /><testcase classname="tests.integration.test_adapters" name="test_bounded_retry[503-3]" time="0.002" /><testcase classname="tests.integration.test_adapters" name="test_bounded_retry[401-1]" time="0.002" /><testcase classname="tests.integration.test_adapters" name="test_bounded_retry[400-1]" time="0.002" /><testcase classname="tests.integration.test_adapters" name="test_timeout_retry_recovers" time="0.002" /><testcase classname="tests.integration.test_adapters" name="test_paginated_dynamodb_scan_keeps_all_rows" time="0.110" /><testcase classname="tests.integration.test_adapters" name="test_atomic_duplicate_uses_condition" time="0.001" /><testcase classname="tests.integration.test_adapters" name="test_changed_tour_does_not_write" time="0.001" /><testcase classname="tests.integration.test_azure_clients" name="test_both_endpoint_modes_can_construct_without_network" time="3.002" /><testcase classname="tests.integration.test_ui" name="test_streamlit_starts_and_group_scenario" time="0.864" /><testcase classname="tests.integration.test_vector_versions" name="test_only_completed_document_generation_is_retrieved" time="0.001" /><testcase classname="tests.regression.test_booking_edges" name="test_llm_cannot_invent_phone" time="0.019" /><testcase classname="tests.regression.test_booking_edges" name="test_invalid_target_does_not_reuse_old_approval" time="0.022" /><testcase classname="tests.regression.test_booking_edges" name="test_expired_confirmation_does_not_write" time="0.020" /><testcase classname="tests.regression.test_booking_edges" name="test_named_site_overrides_previous_selected_tour" time="0.019" /><testcase classname="tests.regression.test_booking_edges" name="test_semantic_tour_query_retains_price_constraint" time="0.013" /><testcase classname="tests.regression.test_confirmation_target" name="test_switching_selected_tour_cancels_previous_confirmation" time="0.022" /><testcase classname="tests.regression.test_workflow" name="test_search_by_place" time="0.012" /><testcase classname="tests.regression.test_workflow" name="test_price_filter" time="0.012" /><testcase classname="tests.regression.test_workflow" name="test_followup_context_and_pronoun" time="0.020" /><testcase classname="tests.regression.test_workflow" name="test_heritage_rag" time="0.013" /><testcase classname="tests.regression.test_workflow" name="test_negative_rag" time="0.014" /><testcase classname="tests.regression.test_workflow" name="test_group_preferences_and_total_budget" time="0.013" /><testcase classname="tests.regression.test_workflow" name="test_itinerary_followup_only_changes_requested_day" time="0.018" /><testcase classname="tests.regression.test_workflow" name="test_booking_without_confirmation" time="0.019" /><testcase classname="tests.regression.test_workflow" name="test_booking_with_confirmation_and_duplicate" time="0.043" /><testcase classname="tests.regression.test_workflow" name="test_phone_followup_requires_another_turn_for_confirmation" time="0.044" /><testcase classname="tests.regression.test_workflow" name="test_context_switch_clears_pending_booking" time="0.023" /><testcase classname="tests.regression.test_workflow" name="test_direct_tool_cannot_authorize_itself" time="0.008" /><testcase classname="tests.regression.test_workflow" name="test_out_of_domain" time="0.012" /><testcase classname="tests.regression.test_workflow" name="test_pinecone_failure_is_safe" time="0.013" /><testcase classname="tests.regression.test_workflow" name="test_llm_failure_is_safe" time="0.012" /><testcase classname="tests.regression.test_workflow" name="test_threads_are_isolated" time="0.015" /><testcase classname="tests.regression.test_workflow" name="test_registered_tours" time="0.041" /><testcase classname="tests.unit.test_config_normalization" name="test_vietnamese_aliases[Hu\u1ebf-hue]" time="0.001" /><testcase classname="tests.unit.test_config_normalization" name="test_vietnamese_aliases[H\u1ed9i An-hoi an]" time="0.001" /><testcase classname="tests.unit.test_config_normalization" name="test_vietnamese_aliases[Hanoi-ha noi]" time="0.001" /><testcase classname="tests.unit.test_config_normalization" name="test_vietnamese_aliases[H\xe0 N\u1ed9i-ha noi]" time="0.001" /><testcase classname="tests.unit.test_config_normalization" name="test_vietnamese_aliases[Saigon-ho chi minh city]" time="0.001" /><testcase classname="tests.unit.test_config_normalization" name="test_vietnamese_aliases[HCMC-ho chi minh city]" time="0.001" /><testcase classname="tests.unit.test_config_normalization" name="test_price_constraints[Find historical tours in Hue under 700000 VND-700000]" time="0.001" /><testcase classname="tests.unit.test_config_normalization" name="test_price_constraints[Tour Hu\u1ebf d\u01b0\u1edbi 700.000 VND-700000]" time="0.001" /><testcase classname="tests.unit.test_config_normalization" name="test_price_constraints[Tours under 700k-700000]" time="0.001" /><testcase classname="tests.unit.test_config_normalization" name="test_configuration_has_no_secret_repr" time="0.001" /><testcase classname="tests.unit.test_config_normalization" name="test_missing_env" time="0.001" /><testcase classname="tests.unit.test_config_normalization" name="test_invalid_configuration[RAG_CHUNK_OVERLAP-2000]" time="0.001" /><testcase classname="tests.unit.test_config_normalization" name="test_invalid_configuration[RAG_MIN_SCORE-nan]" time="0.001" /><testcase classname="tests.unit.test_config_normalization" name="test_invalid_configuration[EMBEDDING_BATCH_SIZE-0]" time="0.001" /><testcase classname="tests.unit.test_config_normalization" name="test_invalid_configuration[DEMO_MODE-maybe]" time="0.001" /><testcase classname="tests.unit.test_config_normalization" name="test_exact_confirmation_only" time="0.001" /><testcase classname="tests.unit.test_evaluation" name="test_metrics_are_computed_from_misses" time="0.001" /><testcase classname="tests.unit.test_evaluation" name="test_abstention_with_citations_is_not_correct" time="0.001" /><testcase classname="tests.unit.test_ingestion" name="test_real_pdf_pages_and_metadata" time="0.004" /><testcase classname="tests.unit.test_ingestion" name="test_ingestion_batches_skip_and_manifest" time="0.005" /><testcase classname="tests.unit.test_ingestion" name="test_ingestion_failure_never_publishes_manifest" time="0.003" /><testcase classname="tests.unit.test_rag" name="test_scores_and_metadata_retained" time="0.001" /><testcase classname="tests.unit.test_rag" name="test_low_score_abstains_without_llm" time="0.001" /><testcase classname="tests.unit.test_rag" name="test_invented_citation_and_quote_are_rejected" time="0.001" /><testcase classname="tests.unit.test_rag" name="test_prompt_injection_inside_document" time="0.001" /><testcase classname="tests.unit.test_rag" name="test_no_fabricated_page" time="0.001" /><testcase classname="tests.unit.test_rag" name="test_link_failure_keeps_source_attribution" time="0.002" /></testsuite></testsuites>